<?xml version="1.0" encoding="UTF-8"?>
<!-- Generated by org.testng.reporters.JUnitReportReporter -->
<testsuite skipped="0" hostname="DESKTOP-A9RA1I7" name="testPackage.TestNG" tests="1" failures="0" timestamp="2022-10-21T23:58:36 IST" time="6.144" errors="0">
  <testcase name="Test" time="6.144" classname="testPackage.TestNG"/>
  <system-out/>
</testsuite> <!-- testPackage.TestNG -->
